<?xml version="1.0" encoding="UTF-8"?>
<!-- Generated by org.testng.reporters.JUnitReportReporter -->
<testsuite hostname="DESKTOP-5KU04DI" failures="0" tests="1" name="TestLayer.RegisterPageTest" time="3.824" errors="0" timestamp="2023-08-02T12:11:35 IST" skipped="0">
  <testcase classname="TestLayer.RegisterPageTest" name="validateResisterFunctionality" time="3.824"/>
</testsuite> <!-- TestLayer.RegisterPageTest -->
